2025-09-23 12:03:54,400 [INFO] BEGIN (implicit)
2025-09-23 12:03:54,401 [INFO] COMMIT
2025-09-23 12:10:24,206 [INFO] BEGIN (implicit)
2025-09-23 12:10:24,206 [INFO] PRAGMA main.table_info("suppliers")
2025-09-23 12:10:24,206 [INFO] [raw sql] ()
2025-09-23 12:10:24,216 [INFO] PRAGMA temp.table_info("suppliers")
2025-09-23 12:10:24,216 [INFO] [raw sql] ()
2025-09-23 12:10:24,217 [INFO] 
CREATE TABLE suppliers (
	cod_sup VARCHAR NOT NULL, 
	name VARCHAR, 
	city VARCHAR, 
	country VARCHAR, 
	phone_number VARCHAR, 
	email VARCHAR, 
	PRIMARY KEY (cod_sup)
)


2025-09-23 12:10:24,218 [INFO] [no key 0.00014s] ()
2025-09-23 12:10:24,226 [INFO] COMMIT
2025-09-23 12:12:50,273 [INFO] BEGIN (implicit)
2025-09-23 12:12:50,274 [INFO] PRAGMA main.table_info("materials")
2025-09-23 12:12:50,281 [INFO] [raw sql] ()
2025-09-23 12:12:50,282 [INFO] PRAGMA temp.table_info("materials")
2025-09-23 12:12:50,282 [INFO] [raw sql] ()
2025-09-23 12:12:50,282 [INFO] PRAGMA main.table_info("suppliers")
2025-09-23 12:12:50,282 [INFO] [raw sql] ()
2025-09-23 12:12:50,283 [INFO] ROLLBACK
2025-09-23 12:14:16,431 [INFO] BEGIN (implicit)
2025-09-23 12:14:16,431 [INFO] PRAGMA main.table_info("materials")
2025-09-23 12:14:16,432 [INFO] [raw sql] ()
2025-09-23 12:14:16,432 [INFO] PRAGMA temp.table_info("materials")
2025-09-23 12:14:16,432 [INFO] [raw sql] ()
2025-09-23 12:14:16,433 [INFO] PRAGMA main.table_info("suppliers")
2025-09-23 12:14:16,433 [INFO] [raw sql] ()
2025-09-23 12:14:16,433 [INFO] ROLLBACK
2025-09-23 12:18:39,549 [INFO] BEGIN (implicit)
2025-09-23 12:18:39,549 [INFO] PRAGMA main.table_info("materials")
2025-09-23 12:18:39,549 [INFO] [raw sql] ()
2025-09-23 12:18:39,550 [INFO] PRAGMA temp.table_info("materials")
2025-09-23 12:18:39,550 [INFO] [raw sql] ()
2025-09-23 12:18:39,550 [INFO] PRAGMA main.table_info("suppliers")
2025-09-23 12:18:39,551 [INFO] [raw sql] ()
2025-09-23 12:18:39,551 [INFO] 
CREATE TABLE materials (
	material_id INTEGER NOT NULL, 
	description VARCHAR, 
	quantity INTEGER, 
	unit_price FLOAT, 
	cod_sup VARCHAR, 
	PRIMARY KEY (material_id), 
	FOREIGN KEY(cod_sup) REFERENCES suppliers (cod_sup)
)


2025-09-23 12:18:39,552 [INFO] [no key 0.00013s] ()
2025-09-23 12:18:39,563 [INFO] COMMIT
2025-09-23 12:18:39,570 [INFO] BEGIN (implicit)
2025-09-23 12:18:39,571 [INFO] INSERT INTO suppliers (cod_sup, name, city, country, phone_number, email) VALUES (?, ?, ?, ?, ?, ?)
2025-09-23 12:18:39,571 [INFO] [generated in 0.00022s] (1, 'Acme Inc.', 'New York', 'USA', '123-456-7890', 'contact@acme.com')
2025-09-23 12:18:39,573 [INFO] COMMIT
2025-09-23 12:21:39,762 [INFO] BEGIN (implicit)
2025-09-23 12:21:39,762 [INFO] PRAGMA main.table_info("materials")
2025-09-23 12:21:39,762 [INFO] [raw sql] ()
2025-09-23 12:21:39,763 [INFO] PRAGMA main.table_info("suppliers")
2025-09-23 12:21:39,763 [INFO] [raw sql] ()
2025-09-23 12:21:39,764 [INFO] COMMIT
2025-09-23 12:21:39,771 [INFO] BEGIN (implicit)
2025-09-23 12:21:39,772 [INFO] INSERT INTO suppliers (cod_sup, name, city, country, phone_number, email) VALUES (?, ?, ?, ?, ?, ?)
2025-09-23 12:21:39,772 [INFO] [generated in 0.00021s] (2, 'Acme Inc.', 'New York', 'USA', '123-456-7890', 'contact@acme.com')
2025-09-23 12:21:39,782 [INFO] COMMIT
2025-09-23 12:26:15,489 [INFO] BEGIN (implicit)
2025-09-23 12:26:15,490 [INFO] PRAGMA main.table_info("materials")
2025-09-23 12:26:15,490 [INFO] [raw sql] ()
2025-09-23 12:26:15,491 [INFO] PRAGMA main.table_info("suppliers")
2025-09-23 12:26:15,491 [INFO] [raw sql] ()
2025-09-23 12:26:15,491 [INFO] COMMIT
2025-09-23 12:26:15,498 [INFO] BEGIN (implicit)
2025-09-23 12:26:15,500 [INFO] INSERT INTO suppliers (cod_sup, name, city, country, phone_number, email) VALUES (?, ?, ?, ?, ?, ?)
2025-09-23 12:26:15,500 [INFO] [generated in 0.00022s] (3, 'Acme Inc.', 'New York', 'USA', '123-456-7890', 'contact@acme.com')
2025-09-23 12:26:15,507 [INFO] COMMIT
